<?xml version="1.0" encoding="UTF-8"?>
<!-- Generated by org.testng.reporters.JUnitReportReporter -->
<testsuite hostname="LAPTOP-VARHNTM8" failures="0" tests="1" name="main.browser" time="23.494" errors="0" timestamp="2022-10-21T19:32:17 IST" skipped="0">
  <testcase classname="main.browser" name="login" time="23.494"/>
  <system-out/>
</testsuite> <!-- main.browser -->
